# JRE version: Java(TM) SE Runtime Environment (8.0_211-b12) (build 1.8.0_211-b12)
# Java VM: Java HotSpot(TM) 64-Bit Server VM (25.211-b12 mixed mode windows-amd64 compressed oops)
Heap:
 PSYoungGen      total 357376K, used 316667K [0x00000000d5580000, 0x00000000eca80000, 0x0000000100000000)
  eden space 350720K, 88% used [0x00000000d5580000,0x00000000e847ec28,0x00000000eac00000)
  from space 6656K, 96% used [0x00000000ec400000,0x00000000eca40000,0x00000000eca80000)
  to   space 15360K, 0% used [0x00000000eac80000,0x00000000eac80000,0x00000000ebb80000)
 ParOldGen       total 107520K, used 24611K [0x0000000080000000, 0x0000000086900000, 0x00000000d5580000)
  object space 107520K, 22% used [0x0000000080000000,0x0000000081808d50,0x0000000086900000)
 Metaspace       used 64025K, capacity 65558K, committed 65712K, reserved 1107968K
  class space    used 7455K, capacity 7731K, committed 7856K, reserved 1048576K
GC Heap History (10 events):
Event: 12.866 GC heap before
{Heap before GC invocations=13 (full 2):
 PSYoungGen      total 205824K, used 19431K [0x00000000d5580000, 0x00000000e3e00000, 0x0000000100000000)
  eden space 191488K, 2% used [0x00000000d5580000,0x00000000d5a7d308,0x00000000e1080000)
  from space 14336K, 99% used [0x00000000e2180000,0x00000000e2f7c980,0x00000000e2f80000)
  to   space 17408K, 0% used [0x00000000e1080000,0x00000000e1080000,0x00000000e2180000)
 ParOldGen       total 86528K, used 21516K [0x0000000080000000, 0x0000000085480000, 0x00000000d5580000)
  object space 86528K, 24% used [0x0000000080000000,0x0000000081503330,0x0000000085480000)
 Metaspace       used 58090K, capacity 58952K, committed 59160K, reserved 1101824K
  class space    used 7111K, capacity 7302K, committed 7344K, reserved 1048576K
Event: 12.883 GC heap after
Heap after GC invocations=13 (full 2):
 PSYoungGen      total 208896K, used 7539K [0x00000000d5580000, 0x00000000e8600000, 0x0000000100000000)
  eden space 191488K, 0% used [0x00000000d5580000,0x00000000d5580000,0x00000000e1080000)
  from space 17408K, 43% used [0x00000000e1080000,0x00000000e17dcc00,0x00000000e2180000)
  to   space 16896K, 0% used [0x00000000e7580000,0x00000000e7580000,0x00000000e8600000)
 ParOldGen       total 86528K, used 24557K [0x0000000080000000, 0x0000000085480000, 0x00000000d5580000)
  object space 86528K, 28% used [0x0000000080000000,0x00000000817fb450,0x0000000085480000)
 Metaspace       used 58090K, capacity 58952K, committed 59160K, reserved 1101824K
  class space    used 7111K, capacity 7302K, committed 7344K, reserved 1048576K
}
Event: 12.883 GC heap before
{Heap before GC invocations=14 (full 3):
 PSYoungGen      total 208896K, used 7539K [0x00000000d5580000, 0x00000000e8600000, 0x0000000100000000)
  eden space 191488K, 0% used [0x00000000d5580000,0x00000000d5580000,0x00000000e1080000)
  from space 17408K, 43% used [0x00000000e1080000,0x00000000e17dcc00,0x00000000e2180000)
  to   space 16896K, 0% used [0x00000000e7580000,0x00000000e7580000,0x00000000e8600000)
 ParOldGen       total 86528K, used 24557K [0x0000000080000000, 0x0000000085480000, 0x00000000d5580000)
  object space 86528K, 28% used [0x0000000080000000,0x00000000817fb450,0x0000000085480000)
 Metaspace       used 58090K, capacity 58952K, committed 59160K, reserved 1101824K
  class space    used 7111K, capacity 7302K, committed 7344K, reserved 1048576K
Event: 13.086 GC heap after
Heap after GC invocations=14 (full 3):
 PSYoungGen      total 208896K, used 0K [0x00000000d5580000, 0x00000000e8600000, 0x0000000100000000)
  eden space 191488K, 0% used [0x00000000d5580000,0x00000000d5580000,0x00000000e1080000)
  from space 17408K, 0% used [0x00000000e1080000,0x00000000e1080000,0x00000000e2180000)
  to   space 16896K, 0% used [0x00000000e7580000,0x00000000e7580000,0x00000000e8600000)
 ParOldGen       total 107520K, used 20859K [0x0000000080000000, 0x0000000086900000, 0x00000000d5580000)
  object space 107520K, 19% used [0x0000000080000000,0x000000008145ed38,0x0000000086900000)
 Metaspace       used 58090K, capacity 58952K, committed 59160K, reserved 1101824K
  class space    used 7111K, capacity 7302K, committed 7344K, reserved 1048576K
}
Event: 26.188 GC heap before
{Heap before GC invocations=15 (full 3):
 PSYoungGen      total 208896K, used 191488K [0x00000000d5580000, 0x00000000e8600000, 0x0000000100000000)
  eden space 191488K, 100% used [0x00000000d5580000,0x00000000e1080000,0x00000000e1080000)
  from space 17408K, 0% used [0x00000000e1080000,0x00000000e1080000,0x00000000e2180000)
  to   space 16896K, 0% used [0x00000000e7580000,0x00000000e7580000,0x00000000e8600000)
 ParOldGen       total 107520K, used 20859K [0x0000000080000000, 0x0000000086900000, 0x00000000d5580000)
  object space 107520K, 19% used [0x0000000080000000,0x000000008145ed38,0x0000000086900000)
 Metaspace       used 61086K, capacity 62288K, committed 62512K, reserved 1103872K
  class space    used 7396K, capacity 7609K, committed 7728K, reserved 1048576K
Event: 26.198 GC heap after
Heap after GC invocations=15 (full 3):
 PSYoungGen      total 272384K, used 5759K [0x00000000d5580000, 0x00000000e7b80000, 0x0000000100000000)
  eden space 266240K, 0% used [0x00000000d5580000,0x00000000d5580000,0x00000000e5980000)
  from space 6144K, 93% used [0x00000000e7580000,0x00000000e7b1fcb0,0x00000000e7b80000)
  to   space 16384K, 0% used [0x00000000e5b80000,0x00000000e5b80000,0x00000000e6b80000)
 ParOldGen       total 107520K, used 20867K [0x0000000080000000, 0x0000000086900000, 0x00000000d5580000)
  object space 107520K, 19% used [0x0000000080000000,0x0000000081460d38,0x0000000086900000)
 Metaspace       used 61086K, capacity 62288K, committed 62512K, reserved 1103872K
  class space    used 7396K, capacity 7609K, committed 7728K, reserved 1048576K
}
Event: 81.324 GC heap before
{Heap before GC invocations=16 (full 3):
 PSYoungGen      total 272384K, used 271999K [0x00000000d5580000, 0x00000000e7b80000, 0x0000000100000000)
  eden space 266240K, 100% used [0x00000000d5580000,0x00000000e5980000,0x00000000e5980000)
  from space 6144K, 93% used [0x00000000e7580000,0x00000000e7b1fcb0,0x00000000e7b80000)
  to   space 16384K, 0% used [0x00000000e5b80000,0x00000000e5b80000,0x00000000e6b80000)
 ParOldGen       total 107520K, used 20867K [0x0000000080000000, 0x0000000086900000, 0x00000000d5580000)
  object space 107520K, 19% used [0x0000000080000000,0x0000000081460d38,0x0000000086900000)
 Metaspace       used 63298K, capacity 64686K, committed 64816K, reserved 1105920K
  class space    used 7447K, capacity 7688K, committed 7728K, reserved 1048576K
Event: 81.351 GC heap after
Heap after GC invocations=16 (full 3):
 PSYoungGen      total 284672K, used 6805K [0x00000000d5580000, 0x00000000ed380000, 0x0000000100000000)
  eden space 268288K, 0% used [0x00000000d5580000,0x00000000d5580000,0x00000000e5b80000)
  from space 16384K, 41% used [0x00000000e5b80000,0x00000000e6225470,0x00000000e6b80000)
  to   space 15872K, 0% used [0x00000000ec400000,0x00000000ec400000,0x00000000ed380000)
 ParOldGen       total 107520K, used 23343K [0x0000000080000000, 0x0000000086900000, 0x00000000d5580000)
  object space 107520K, 21% used [0x0000000080000000,0x00000000816cbcd0,0x0000000086900000)
 Metaspace       used 63298K, capacity 64686K, committed 64816K, reserved 1105920K
  class space    used 7447K, capacity 7688K, committed 7728K, reserved 1048576K
}
Event: 153.849 GC heap before
{Heap before GC invocations=17 (full 3):
 PSYoungGen      total 284672K, used 275093K [0x00000000d5580000, 0x00000000ed380000, 0x0000000100000000)
  eden space 268288K, 100% used [0x00000000d5580000,0x00000000e5b80000,0x00000000e5b80000)
  from space 16384K, 41% used [0x00000000e5b80000,0x00000000e6225470,0x00000000e6b80000)
  to   space 15872K, 0% used [0x00000000ec400000,0x00000000ec400000,0x00000000ed380000)
 ParOldGen       total 107520K, used 23343K [0x0000000080000000, 0x0000000086900000, 0x00000000d5580000)
  object space 107520K, 21% used [0x0000000080000000,0x00000000816cbcd0,0x0000000086900000)
 Metaspace       used 63785K, capacity 65344K, committed 65584K, reserved 1107968K
  class space    used 7452K, capacity 7727K, committed 7728K, reserved 1048576K
Event: 153.874 GC heap after
Heap after GC invocations=17 (full 3):
 PSYoungGen      total 357376K, used 6400K [0x00000000d5580000, 0x00000000eca80000, 0x0000000100000000)
  eden space 350720K, 0% used [0x00000000d5580000,0x00000000d5580000,0x00000000eac00000)
  from space 6656K, 96% used [0x00000000ec400000,0x00000000eca40000,0x00000000eca80000)
  to   space 15360K, 0% used [0x00000000eac80000,0x00000000eac80000,0x00000000ebb80000)
 ParOldGen       total 107520K, used 24611K [0x0000000080000000, 0x0000000086900000, 0x00000000d5580000)
  object space 107520K, 22% used [0x0000000080000000,0x0000000081808d50,0x0000000086900000)
 Metaspace       used 63785K, capacity 65344K, committed 65584K, reserved 1107968K
  class space    used 7452K, capacity 7727K, committed 7728K, reserved 1048576K
}

